0 info it worked if it ends with ok
1 verbose cli [ '/usr/local/bin/node',
1 verbose cli   '/usr/local/bin/npm',
1 verbose cli   'install',
1 verbose cli   'cookie-signature$',
1 verbose cli   'npm',
1 verbose cli   'install',
1 verbose cli   'cookie-session' ]
2 info using npm@3.10.10
3 info using node@v6.10.0
4 silly loadCurrentTree Starting
5 silly install loadCurrentTree
6 silly install readLocalPackageData
7 silly fetchPackageMetaData cookie-signature$
8 silly fetchPackageMetaData npm
9 silly fetchPackageMetaData install
10 silly fetchPackageMetaData cookie-session
11 silly fetchOtherPackageData cookie-signature$
12 silly cache add args [ 'cookie-signature$', null ]
13 verbose cache add spec cookie-signature$
14 silly fetchNamedPackageData npm
15 silly mapToRegistry name npm
16 silly mapToRegistry using default registry
17 silly mapToRegistry registry https://registry.npmjs.org/
18 silly mapToRegistry data Result {
18 silly mapToRegistry   raw: 'npm',
18 silly mapToRegistry   scope: null,
18 silly mapToRegistry   escapedName: 'npm',
18 silly mapToRegistry   name: 'npm',
18 silly mapToRegistry   rawSpec: '',
18 silly mapToRegistry   spec: 'latest',
18 silly mapToRegistry   type: 'tag' }
19 silly mapToRegistry uri https://registry.npmjs.org/npm
20 silly fetchNamedPackageData install
21 silly mapToRegistry name install
22 silly mapToRegistry using default registry
23 silly mapToRegistry registry https://registry.npmjs.org/
24 silly mapToRegistry data Result {
24 silly mapToRegistry   raw: 'install',
24 silly mapToRegistry   scope: null,
24 silly mapToRegistry   escapedName: 'install',
24 silly mapToRegistry   name: 'install',
24 silly mapToRegistry   rawSpec: '',
24 silly mapToRegistry   spec: 'latest',
24 silly mapToRegistry   type: 'tag' }
25 silly mapToRegistry uri https://registry.npmjs.org/install
26 silly fetchNamedPackageData cookie-session
27 silly mapToRegistry name cookie-session
28 silly mapToRegistry using default registry
29 silly mapToRegistry registry https://registry.npmjs.org/
30 silly mapToRegistry data Result {
30 silly mapToRegistry   raw: 'cookie-session',
30 silly mapToRegistry   scope: null,
30 silly mapToRegistry   escapedName: 'cookie-session',
30 silly mapToRegistry   name: 'cookie-session',
30 silly mapToRegistry   rawSpec: '',
30 silly mapToRegistry   spec: 'latest',
30 silly mapToRegistry   type: 'tag' }
31 silly mapToRegistry uri https://registry.npmjs.org/cookie-session
32 silly cache add parsed spec Result {
32 silly cache add   raw: 'cookie-signature$',
32 silly cache add   scope: null,
32 silly cache add   escapedName: null,
32 silly cache add   name: null,
32 silly cache add   rawSpec: 'cookie-signature$',
32 silly cache add   spec: '/Users/eliseritoux/Documents/UQATHON/uqathon/project/cookie-signature$',
32 silly cache add   type: 'local' }
33 error addLocal Could not install /Users/eliseritoux/Documents/UQATHON/uqathon/project/cookie-signature$
34 silly fetchPackageMetaData Error: ENOENT: no such file or directory, open '/Users/eliseritoux/Documents/UQATHON/uqathon/project/cookie-signature$'
34 silly fetchPackageMetaData     at Error (native)
34 silly fetchPackageMetaData  error for cookie-signature$ { Error: ENOENT: no such file or directory, open '/Users/eliseritoux/Documents/UQATHON/uqathon/project/cookie-signature$'
34 silly fetchPackageMetaData     at Error (native)
34 silly fetchPackageMetaData   errno: -2,
34 silly fetchPackageMetaData   code: 'ENOENT',
34 silly fetchPackageMetaData   syscall: 'open',
34 silly fetchPackageMetaData   path: '/Users/eliseritoux/Documents/UQATHON/uqathon/project/cookie-signature$' }
35 verbose get https://registry.npmjs.org/cookie-session not expired, no request
36 verbose get https://registry.npmjs.org/install not expired, no request
37 verbose get https://registry.npmjs.org/npm not expired, no request
38 silly rollbackFailedOptional Starting
39 silly rollbackFailedOptional Finishing
40 silly runTopLevelLifecycles Finishing
41 silly install printInstalled
42 verbose stack Error: ENOENT: no such file or directory, open '/Users/eliseritoux/Documents/UQATHON/uqathon/project/cookie-signature$'
42 verbose stack     at Error (native)
43 verbose cwd /Users/eliseritoux/Documents/UQATHON/uqathon/project
44 error Darwin 16.4.0
45 error argv "/usr/local/bin/node" "/usr/local/bin/npm" "install" "cookie-signature$" "npm" "install" "cookie-session"
46 error node v6.10.0
47 error npm  v3.10.10
48 error path /Users/eliseritoux/Documents/UQATHON/uqathon/project/cookie-signature$
49 error code ENOENT
50 error errno -2
51 error syscall open
52 error enoent ENOENT: no such file or directory, open '/Users/eliseritoux/Documents/UQATHON/uqathon/project/cookie-signature$'
53 error enoent ENOENT: no such file or directory, open '/Users/eliseritoux/Documents/UQATHON/uqathon/project/cookie-signature$'
53 error enoent This is most likely not a problem with npm itself
53 error enoent and is related to npm not being able to find a file.
54 verbose exit [ -2, true ]
